#
# A fatal error has been detected by the Java Runtime Environment:
#
#  EXCEPTION_ACCESS_VIOLATION (0xc0000005) at pc=0x0000000065c997c5, pid=28428, tid=0x0000000000002bd0
#
# JRE version: OpenJDK Runtime Environment (8.0_192-b01) (build 1.8.0_192-b01)
# Java VM: OpenJDK 64-Bit Server VM (25.192-b01 mixed mode windows-amd64 compressed oops)
# Problematic frame:
# V  [jvm.dll+0xd97c5]
#
# Failed to write core dump. Minidumps are not enabled by default on client versions of Windows
#
# If you would like to submit a bug report, please visit:
#   http://www.azulsystems.com/support/
#

---------------  T H R E A D  ---------------

Current thread (0x000000001ea42800):  VMThread [stack: 0x000000001fad0000,0x000000001fbd0000] [id=11216]

siginfo: ExceptionCode=0xc0000005, reading address 0x0000000000000008

Registers:
RAX=0x0000000000000000, RBX=0x000000001cdde778, RCX=0x0000000000000000, RDX=0x0000000000000000
RSP=0x000000001fbcf250, RBP=0x0000000000000047, RSI=0x0000000066382340, RDI=0x000000001fbcf530
R8 =0x0000000000000000, R9 =0x000000001cdde778, R10=0x0000000000000084, R11=0x000000001cddecdf
R12=0x0000000000000001, R13=0x0000000000000001, R14=0x00000000000003d8, R15=0x000000001fbcf350
RIP=0x0000000065c997c5, EFLAGS=0x0000000000010212

Top of Stack: (sp=0x000000001fbcf250)
0x000000001fbcf250:   000000001fbcf530 0000000000000000
0x000000001fbcf260:   00000000034bf670 000000001cddecdb
0x000000001fbcf270:   000000000366dff0 0000000065c98992
0x000000001fbcf280:   000000001fbcf530 000000001fbcf2f0
0x000000001fbcf290:   00008f75b87ce2b6 0000000065c99dc2
0x000000001fbcf2a0:   000000001fbcf360 0000000000000001
0x000000001fbcf2b0:   000000001fbcf370 000000001fbcf530
0x000000001fbcf2c0:   000000001fbcf3a0 0000000065c9c9f0
0x000000001fbcf2d0:   0000000000000047 0000000000000047
0x000000001fbcf2e0:   000000000000004d 0000000065c99c46
0x000000001fbcf2f0:   0000000000000047 000000001fbcf3a0
0x000000001fbcf300:   000000001fbcf360 000000000000004d
0x000000001fbcf310:   000000001cdded78 0000000065c9d54f
0x000000001fbcf320:   000000001fbcf530 000000001fbcf3a0
0x000000001fbcf330:   000000000366dff0 000000001cdded78
0x000000001fbcf340:   0000000000000007 0000000000000000 

Instructions: (pc=0x0000000065c997c5)
0x0000000065c997a5:   8b d2 e8 34 7f ff ff 48 8b cb 8b d0 e8 3a 78 ff
0x0000000065c997b5:   ff 48 8d 35 83 8b 6e 00 48 63 c8 48 8b 44 cb 50
0x0000000065c997c5:   0f b6 48 08 8b 05 55 8b 6e 00 80 f9 4c 74 2b 80
0x0000000065c997d5:   f9 5b 74 26 80 f9 4a 74 18 80 f9 44 74 13 48 8d 


Register to memory mapping:

RAX=0x0000000000000000 is an unknown value
RBX=0x000000001cdde778 is pointing into metadata
RCX=0x0000000000000000 is an unknown value
RDX=0x0000000000000000 is an unknown value
RSP=0x000000001fbcf250 is an unknown value
RBP=0x0000000000000047 is an unknown value
RSI=0x0000000066382340 is an unknown value
RDI=0x000000001fbcf530 is an unknown value
R8 =0x0000000000000000 is an unknown value
R9 =0x000000001cdde778 is pointing into metadata
R10=0x0000000000000084 is an unknown value
R11=0x000000001cddecdf is pointing into metadata
R12=0x0000000000000001 is an unknown value
R13=0x0000000000000001 is an unknown value
R14=0x00000000000003d8 is an unknown value
R15=0x000000001fbcf350 is an unknown value


Stack: [0x000000001fad0000,0x000000001fbd0000],  sp=0x000000001fbcf250,  free space=1020k
Native frames: (J=compiled Java code, j=interpreted, Vv=VM code, C=native code)
V  [jvm.dll+0xd97c5]
V  [jvm.dll+0xdc9f0]
V  [jvm.dll+0xdd54f]
V  [jvm.dll+0xddd95]
V  [jvm.dll+0xddfe2]
V  [jvm.dll+0x9fdde]
V  [jvm.dll+0xa0468]
V  [jvm.dll+0xa059a]
V  [jvm.dll+0xa0798]
V  [jvm.dll+0xe9e8a]
V  [jvm.dll+0x1076ff]
V  [jvm.dll+0x19906f]
V  [jvm.dll+0x224ba7]
V  [jvm.dll+0x223e62]
V  [jvm.dll+0x2242e1]
V  [jvm.dll+0x2244fe]
V  [jvm.dll+0x26f9ba]
C  [msvcr100.dll+0x21d9f]
C  [msvcr100.dll+0x21e3b]
C  [KERNEL32.DLL+0x17034]
C  [ntdll.dll+0x52651]

VM_Operation (0x000000002015f780): GetOrSetLocal, mode: safepoint, requested by thread 0x000000001ead9000


---------------  P R O C E S S  ---------------

Java Threads: ( => current thread )
  0x000000001ec15000 JavaThread "Service Thread" daemon [_thread_blocked, id=29336, stack(0x0000000020760000,0x0000000020860000)]
  0x000000001eb80800 JavaThread "C1 CompilerThread3" daemon [_thread_blocked, id=22448, stack(0x0000000020660000,0x0000000020760000)]
  0x000000001eb7e000 JavaThread "C2 CompilerThread2" daemon [_thread_blocked, id=31392, stack(0x0000000020560000,0x0000000020660000)]
  0x000000001eb79000 JavaThread "C2 CompilerThread1" daemon [_thread_blocked, id=23172, stack(0x0000000020460000,0x0000000020560000)]
  0x000000001eb77800 JavaThread "C2 CompilerThread0" daemon [_thread_blocked, id=37684, stack(0x0000000020360000,0x0000000020460000)]
  0x000000001eaed000 JavaThread "JDWP Command Reader" daemon [_thread_in_native, id=38508, stack(0x0000000020260000,0x0000000020360000)]
  0x000000001eae8800 JavaThread "JDWP Event Helper Thread" daemon [_thread_blocked, id=9332, stack(0x0000000020160000,0x0000000020260000)]
  0x000000001ead9000 JavaThread "JDWP Transport Listener: dt_socket" daemon [_thread_blocked, id=32404, stack(0x0000000020060000,0x0000000020160000)]
  0x000000001ead4800 JavaThread "Attach Listener" daemon [_thread_blocked, id=22584, stack(0x000000001ff60000,0x0000000020060000)]
  0x000000001ead3800 JavaThread "Signal Dispatcher" daemon [_thread_blocked, id=12784, stack(0x000000001fe60000,0x000000001ff60000)]
  0x00000000036be000 JavaThread "Finalizer" daemon [_thread_blocked, id=12196, stack(0x000000001fcd0000,0x000000001fdd0000)]
  0x000000001d38b800 JavaThread "Reference Handler" daemon [_thread_blocked, id=35508, stack(0x000000001fbd0000,0x000000001fcd0000)]
  0x00000000035c2800 JavaThread "main" [_thread_blocked, id=32312, stack(0x00000000033c0000,0x00000000034c0000)]

Other Threads:
=>0x000000001ea42800 VMThread [stack: 0x000000001fad0000,0x000000001fbd0000] [id=11216]
  0x000000001ec18000 WatcherThread [stack: 0x0000000020860000,0x0000000020960000] [id=39932]

VM state:at safepoint (normal execution)

VM Mutex/Monitor currently owned by a thread:  ([mutex/lock_event])
[0x0000000002fdd6e0] Threads_lock - owner thread: 0x000000001ea42800

heap address: 0x00000006c1000000, size: 4080 MB, Compressed Oops mode: Zero based, Oop shift amount: 3
Narrow klass base: 0x0000000000000000, Narrow klass shift: 3
Compressed class space size: 1073741824 Address: 0x00000007c0000000

Heap:
 PSYoungGen      total 76288K, used 7877K [0x000000076b000000, 0x0000000770500000, 0x00000007c0000000)
  eden space 65536K, 12% used [0x000000076b000000,0x000000076b7b14a8,0x000000076f000000)
  from space 10752K, 0% used [0x000000076fa80000,0x000000076fa80000,0x0000000770500000)
  to   space 10752K, 0% used [0x000000076f000000,0x000000076f000000,0x000000076fa80000)
 ParOldGen       total 175104K, used 0K [0x00000006c1000000, 0x00000006cbb00000, 0x000000076b000000)
  object space 175104K, 0% used [0x00000006c1000000,0x00000006c1000000,0x00000006cbb00000)
 Metaspace       used 4872K, capacity 4978K, committed 5248K, reserved 1056768K
  class space    used 496K, capacity 529K, committed 640K, reserved 1048576K

Card table byte_map: [0x0000000012a80000,0x0000000013280000] byte_map_base: 0x000000000f478000

Marking Bits: (ParMarkBitMap*) 0x000000006638cf50
 Begin Bits: [0x00000000141d0000, 0x0000000018190000)
 End Bits:   [0x0000000018190000, 0x000000001c150000)

Polling page: 0x0000000001270000

CodeCache: size=245760Kb used=1332Kb max_used=1332Kb free=244427Kb
 bounds [0x00000000036c0000, 0x0000000003930000, 0x00000000126c0000]
 total_blobs=394 nmethods=109 adapters=208
 compilation: enabled

Compilation events (10 events):
Event: 48.809 Thread 0x000000001eb80800  105       3       org.eclipse.jdt.launching.internal.org.objectweb.asm.ClassReader::readUtf (161 bytes)
Event: 48.810 Thread 0x000000001eb80800 nmethod 105 0x000000000380b810 code [0x000000000380b9a0, 0x000000000380be68]
Event: 48.810 Thread 0x000000001eb80800  107       3       org.eclipse.jdt.launching.internal.org.objectweb.asm.SymbolTable::add (39 bytes)
Event: 48.810 Thread 0x000000001eb80800 nmethod 107 0x000000000380c2d0 code [0x000000000380c440, 0x000000000380c750]
Event: 48.810 Thread 0x000000001eb80800  106       3       org.eclipse.jdt.launching.internal.org.objectweb.asm.SymbolTable$Entry::<init> (17 bytes)
Event: 48.810 Thread 0x000000001eb80800 nmethod 106 0x000000000380c8d0 code [0x000000000380ca40, 0x000000000380cc28]
Event: 52.361 Thread 0x000000001eb80800  108       3       org.eclipse.jdt.launching.internal.org.objectweb.asm.SymbolTable::hash (10 bytes)
Event: 52.361 Thread 0x000000001eb80800 nmethod 108 0x000000000380ccd0 code [0x000000000380ce40, 0x000000000380d048]
Event: 52.361 Thread 0x000000001eb80800  109       3       org.eclipse.jdt.launching.internal.org.objectweb.asm.SymbolTable::addConstantUtf8 (20 bytes)
Event: 52.362 Thread 0x000000001eb80800 nmethod 109 0x000000000380d110 code [0x000000000380d2a0, 0x000000000380d6c8]

GC Heap History (0 events):
No events

Deoptimization events (0 events):
No events

Classes redefined (4 events):
Event: 22.809 Thread 0x000000001ea42800 redefined class name=study.date0807.BaekOJ1654, count=1
Event: 41.763 Thread 0x000000001ea42800 redefined class name=study.date0807.BaekOJ1654, count=2
Event: 48.810 Thread 0x000000001ea42800 redefined class name=study.date0807.BaekOJ1654, count=3
Event: 52.362 Thread 0x000000001ea42800 redefined class name=study.date0807.BaekOJ1654, count=4

Internal exceptions (2 events):
Event: 0.029 Thread 0x00000000035c2800 Exception <a 'java/lang/NoSuchMethodError': Method sun.misc.Unsafe.defineClass(Ljava/lang/String;[BII)Ljava/lang/Class; name or signature does not match> (0x000000076b007cb0) thrown at [C:\jenkins\workspace\zulu8-silver-build-win64\zulu-src\hotspot\src\sh
Event: 0.029 Thread 0x00000000035c2800 Exception <a 'java/lang/NoSuchMethodError': Method sun.misc.Unsafe.prefetchRead(Ljava/lang/Object;J)V name or signature does not match> (0x000000076b007f98) thrown at [C:\jenkins\workspace\zulu8-silver-build-win64\zulu-src\hotspot\src\share\vm\prims\jni.c

Events (10 events):
Event: 52.362 Executing VM operation: RedefineClasses done
Event: 52.364 Executing VM operation: ChangeBreakpoints
Event: 52.364 Executing VM operation: ChangeBreakpoints done
Event: 52.365 Executing VM operation: ChangeBreakpoints
Event: 52.365 Executing VM operation: ChangeBreakpoints done
Event: 52.394 Executing VM operation: GetOwnedMonitorInfo
Event: 52.395 Executing VM operation: GetOwnedMonitorInfo done
Event: 52.395 Executing VM operation: GetCurrentContendedMonitor
Event: 52.395 Executing VM operation: GetCurrentContendedMonitor done
Event: 66.710 Executing VM operation: GetOrSetLocal


Dynamic libraries:
0x00007ff78cdb0000 - 0x00007ff78cde5000 	C:\Program Files\Zulu\zulu-8\bin\javaw.exe
0x00007ffd973f0000 - 0x00007ffd975e5000 	C:\WINDOWS\SYSTEM32\ntdll.dll
0x00007ffd95cb0000 - 0x00007ffd95d6d000 	C:\WINDOWS\System32\KERNEL32.DLL
0x00007ffd94f20000 - 0x00007ffd951e9000 	C:\WINDOWS\System32\KERNELBASE.dll
0x00007ffd97250000 - 0x00007ffd972fc000 	C:\WINDOWS\System32\ADVAPI32.dll
0x00007ffd96df0000 - 0x00007ffd96e8e000 	C:\WINDOWS\System32\msvcrt.dll
0x00007ffd955a0000 - 0x00007ffd9563b000 	C:\WINDOWS\System32\sechost.dll
0x00007ffd96ef0000 - 0x00007ffd9701a000 	C:\WINDOWS\System32\RPCRT4.dll
0x00007ffd96200000 - 0x00007ffd963a0000 	C:\WINDOWS\System32\USER32.dll
0x00007ffd95330000 - 0x00007ffd95352000 	C:\WINDOWS\System32\win32u.dll
0x00007ffd95570000 - 0x00007ffd9559a000 	C:\WINDOWS\System32\GDI32.dll
0x00007ffd951f0000 - 0x00007ffd952fb000 	C:\WINDOWS\System32\gdi32full.dll
0x00007ffd94cf0000 - 0x00007ffd94d8d000 	C:\WINDOWS\System32\msvcp_win.dll
0x00007ffd94d90000 - 0x00007ffd94e90000 	C:\WINDOWS\System32\ucrtbase.dll
0x00007ffd801e0000 - 0x00007ffd8047a000 	C:\WINDOWS\WinSxS\amd64_microsoft.windows.common-controls_6595b64144ccf1df_6.0.19041.1110_none_60b5254171f9507e\COMCTL32.dll
0x00007ffd96550000 - 0x00007ffd96580000 	C:\WINDOWS\System32\IMM32.DLL
0x0000000065a00000 - 0x0000000065ad2000 	C:\Program Files\Zulu\zulu-8\jre\bin\msvcr100.dll
0x0000000065bc0000 - 0x000000006640a000 	C:\Program Files\Zulu\zulu-8\jre\bin\server\jvm.dll
0x00007ffd97020000 - 0x00007ffd97028000 	C:\WINDOWS\System32\PSAPI.DLL
0x00007ffd8e310000 - 0x00007ffd8e31a000 	C:\WINDOWS\SYSTEM32\VERSION.dll
0x00007ffd8b190000 - 0x00007ffd8b1b7000 	C:\WINDOWS\SYSTEM32\WINMM.dll
0x00007ffd90ad0000 - 0x00007ffd90ad9000 	C:\WINDOWS\SYSTEM32\WSOCK32.dll
0x00007ffd956d0000 - 0x00007ffd9573b000 	C:\WINDOWS\System32\WS2_32.dll
0x00007ffd90a70000 - 0x00007ffd90a7f000 	C:\Program Files\Zulu\zulu-8\jre\bin\verify.dll
0x00007ffd8e010000 - 0x00007ffd8e039000 	C:\Program Files\Zulu\zulu-8\jre\bin\java.dll
0x00007ffd8add0000 - 0x00007ffd8ae05000 	C:\Program Files\Zulu\zulu-8\jre\bin\jdwp.dll
0x00007ffd8fa30000 - 0x00007ffd8fa38000 	C:\Program Files\Zulu\zulu-8\jre\bin\npt.dll
0x00007ffd896b0000 - 0x00007ffd896d3000 	C:\Program Files\Zulu\zulu-8\jre\bin\instrument.dll
0x00007ffd90a40000 - 0x00007ffd90a56000 	C:\Program Files\Zulu\zulu-8\jre\bin\zip.dll
0x00007ffd966a0000 - 0x00007ffd96ddf000 	C:\WINDOWS\System32\SHELL32.dll
0x00007ffd92c80000 - 0x00007ffd93411000 	C:\WINDOWS\SYSTEM32\windows.storage.dll
0x00007ffd95d70000 - 0x00007ffd960c5000 	C:\WINDOWS\System32\combase.dll
0x00007ffd945a0000 - 0x00007ffd945cc000 	C:\WINDOWS\SYSTEM32\Wldp.dll
0x00007ffd954c0000 - 0x00007ffd9556e000 	C:\WINDOWS\System32\SHCORE.dll
0x00007ffd96e90000 - 0x00007ffd96ee5000 	C:\WINDOWS\System32\shlwapi.dll
0x00007ffd94a70000 - 0x00007ffd94a8f000 	C:\WINDOWS\SYSTEM32\profapi.dll
0x00007ffd8e110000 - 0x00007ffd8e119000 	C:\Program Files\Zulu\zulu-8\jre\bin\dt_socket.dll
0x00007ffd7aa40000 - 0x00007ffd7aa57000 	C:\WINDOWS\system32\napinsp.dll
0x00007ffd79de0000 - 0x00007ffd79dfb000 	C:\WINDOWS\system32\pnrpnsp.dll
0x00007ffd74010000 - 0x00007ffd74025000 	C:\WINDOWS\system32\wshbth.dll
0x00007ffd908a0000 - 0x00007ffd908bd000 	C:\WINDOWS\system32\NLAapi.dll
0x00007ffd93fa0000 - 0x00007ffd93fdb000 	C:\WINDOWS\SYSTEM32\IPHLPAPI.DLL
0x00007ffd94300000 - 0x00007ffd9436a000 	C:\WINDOWS\System32\mswsock.dll
0x00007ffd93ff0000 - 0x00007ffd940bc000 	C:\WINDOWS\SYSTEM32\DNSAPI.dll
0x00007ffd97030000 - 0x00007ffd97038000 	C:\WINDOWS\System32\NSI.dll
0x00007ffd795a0000 - 0x00007ffd795b2000 	C:\WINDOWS\System32\winrnr.dll
0x00007ffd8b1c0000 - 0x00007ffd8b23f000 	C:\WINDOWS\System32\fwpuclnt.dll
0x00007ffd95300000 - 0x00007ffd95327000 	C:\WINDOWS\System32\bcrypt.dll
0x00007ffd8b2a0000 - 0x00007ffd8b2aa000 	C:\Windows\System32\rasadhlp.dll
0x00007ffd80d20000 - 0x00007ffd80f04000 	C:\WINDOWS\SYSTEM32\dbghelp.dll
0x00007ffd94e90000 - 0x00007ffd94f13000 	C:\WINDOWS\System32\bcryptPrimitives.dll

VM Arguments:
jvm_args: -agentlib:jdwp=transport=dt_socket,suspend=y,address=localhost:60452 -javaagent:C:\SSAFY\eclipse\configuration\org.eclipse.osgi\413\0\.cp\lib\javaagent-shaded.jar -Dfile.encoding=UTF-8 
java_command: study.date0807.BaekOJ1654
java_class_path (initial): C:\Users\anvo9\BaekOJ\Java\bin;C:\SSAFY\eclipse\configuration\org.eclipse.osgi\413\0\.cp\lib\javaagent-shaded.jar
Launcher Type: SUN_STANDARD

Environment Variables:
JAVA_HOME=C:\Program Files\Zulu\zulu-8
CLASSPATH=.;
PATH=C:\Program Files\Zulu\zulu-8\jre\bin;C:/Program Files/Zulu/zulu-8/bin/../jre/bin/server;C:/Program Files/Zulu/zulu-8/bin/../jre/bin;C:/Program Files/Zulu/zulu-8/bin/../jre/lib/amd64;C:\Program Files\Zulu\zulu-8\bin\;C:\Program Files\NVIDIA GPU Computing Toolkit\CUDA\v10.0\bin;C:\Program Files\NVIDIA GPU Computing Toolkit\CUDA\v10.0\libnvvp;C:\WINDOWS\system32;C:\WINDOWS;C:\WINDOWS\System32\Wbem;C:\WINDOWS\System32\WindowsPowerShell\v1.0\;C:\WINDOWS\System32\OpenSSH\;C:\Program Files (x86)\NVIDIA Corporation\PhysX\Common;C:\Program Files\Microsoft SQL Server\120\Tools\Binn\;C:\Program Files\Microsoft SQL Server\130\Tools\Binn\;C:\Program Files\dotnet\;C:\Program Files\Microsoft SQL Server\Client SDK\ODBC\170\Tools\Binn\;C:\Program Files (x86)\IVI Foundation\VISA\WinNT\Bin;C:\Program Files\Java\jdk1.6.0_45\bin;C:\Program Files\Zulu\zulu-8\bin\;C:\Program Files\Git\cmd;C:\Users\anvo9\AppData\Local\Programs\Python\Python38\Scripts\;C:\Users\anvo9\AppData\Local\Programs\Python\Python38\;C:\Users\anvo9\AppData\Local\Microsoft\WindowsApps;C:\Program Files\Bandizip\;C:\Program Files\JetBrains\PyCharm Community Edition 2020.3.1\bin;;C:\Users\anvo9\AppData\Local\Programs\Microsoft VS Code\bin;C:\Users\anvo9\.dotnet\tools;C:\SSAFY\eclipse;
USERNAME=anvo9
OS=Windows_NT
PROCESSOR_IDENTIFIER=AMD64 Family 23 Model 8 Stepping 2, AuthenticAMD



---------------  S Y S T E M  ---------------

OS: Windows 10.0 , 64 bit Build 19041 (10.0.19041.1023)

CPU:total 12 (initial active 12) (12 cores per cpu, 1 threads per core) family 23 model 8 stepping 2, cmov, cx8, fxsr, mmx, sse, sse2, sse3, ssse3, sse4.1, sse4.2, popcnt, avx, avx2, aes, clmul, mmxext, 3dnowpref, lzcnt, sse4a, tsc, tscinvbit, tscinv, bmi1

Memory: 4k page, physical 16708352k(9243420k free), swap 19198720k(3849244k free)

vm_info: OpenJDK 64-Bit Server VM (25.192-b01) for windows-amd64 JRE (1.8.0_192-b01), built on Oct 17 2018 09:53:48 by "tester" with MS VC++ 10.0 (VS2010)

time: Sun Aug 01 21:21:27 2021
timezone: 대한민국 표준시
elapsed time: 66 seconds (0d 0h 1m 6s)

